{
    "Role": {
        "Path": "/",
        "RoleName": "lambda-example",
        "RoleId": "AROAYQUXAAHTIRI2S2F3D",
        "Arn": "arn:aws:iam::585505964518:role/lambda-example",
        "CreateDate": "2023-02-15T19:36:00+00:00",
        "AssumeRolePolicyDocument": {
            "Version": "2012-10-17",
            "Statement": [
                {
                    "Effect": "Allow",
                    "Principal": {
                        "Service": "lambda.amazonaws.com"
                    },
                    "Action": "sts:AssumeRole"
                }
            ]
        }
    }
}
