{
    "FunctionName": "hello-cli",
    "FunctionArn": "arn:aws:lambda:us-east-1:585505964518:function:hello-cli:3",
    "Runtime": "nodejs18.x",
    "Role": "arn:aws:iam::585505964518:role/lambda-example",
    "Handler": "index.handler",
    "CodeSize": 336,
    "Description": "",
    "Timeout": 3,
    "MemorySize": 128,
    "LastModified": "2023-02-15T20:28:36.000+0000",
    "CodeSha256": "arJ6jcMXmgSMl6Ip6AV9digP7+ptjA9utdU+vX5dun0=",
    "Version": "3",
    "TracingConfig": {
        "Mode": "PassThrough"
    },
    "RevisionId": "eefb437a-9fc6-45b1-a13f-baeee81b4426",
    "State": "Pending",
    "StateReason": "The function is being created.",
    "StateReasonCode": "Creating",
    "PackageType": "Zip",
    "Architectures": [
        "x86_64"
    ],
    "EphemeralStorage": {
        "Size": 512
    }
}
