{
    "FunctionName": "hello-cli",
    "FunctionArn": "arn:aws:lambda:us-east-1:585505964518:function:hello-cli",
    "Runtime": "nodejs12.x",
    "Role": "arn:aws:iam::585505964518:role/issac-lambda",
    "Handler": "index.handler",
    "CodeSize": 331,
    "Description": "",
    "Timeout": 3,
    "MemorySize": 128,
    "LastModified": "2023-02-15T13:37:44.268+0000",
    "CodeSha256": "BcfSIwgDxDYTqAys4c0aaiCLIsJpfzFp30XCHUXNoyI=",
    "Version": "$LATEST",
    "TracingConfig": {
        "Mode": "PassThrough"
    },
    "RevisionId": "dc34b812-d89f-4928-9395-726628702fe2",
    "State": "Pending",
    "StateReason": "The function is being created.",
    "StateReasonCode": "Creating",
    "PackageType": "Zip",
    "Architectures": [
        "x86_64"
    ],
    "EphemeralStorage": {
        "Size": 512
    }
}
