{
    "FunctionName": "hello-cli",
    "FunctionArn": "arn:aws:lambda:us-east-1:585505964518:function:hello-cli:2",
    "Runtime": "nodejs12.x",
    "Role": "arn:aws:iam::585505964518:role/issac-lambda",
    "Handler": "index.handler",
    "CodeSize": 329,
    "Description": "",
    "Timeout": 3,
    "MemorySize": 128,
    "LastModified": "2023-02-15T13:38:30.000+0000",
    "CodeSha256": "OFl1ds3WuB780tMNgkDsHpmtodNb1q4hemQwK5czT2A=",
    "Version": "2",
    "TracingConfig": {
        "Mode": "PassThrough"
    },
    "RevisionId": "aa7f737c-2a4c-407d-bc61-21455abe6d73",
    "State": "Pending",
    "StateReason": "The function is being created.",
    "StateReasonCode": "Creating",
    "PackageType": "Zip",
    "Architectures": [
        "x86_64"
    ],
    "EphemeralStorage": {
        "Size": 512
    }
}
